<?xml version="1.0" encoding="UTF-8"?>
<!-- Generated by org.testng.reporters.JUnitXMLReporter -->
<testsuite hostname="dell-PC" ignored="0" name="Test" tests="4" failures="0" timestamp="17 Oct 2020 16:20:41 GMT" time="0.065" errors="0">
  <testcase name="Test1" time="0.013" classname="Test.TestGrouping"/>
  <testcase name="Test2" time="0.003" classname="Test.TestGrouping"/>
  <testcase name="Test3" time="0.003" classname="Test.TestGrouping"/>
  <testcase name="Test4" time="0.002" classname="Test.TestGrouping"/>
</testsuite> <!-- Test -->
